2022-04-04 07:29:31,503 WARNING [default] No input received when trying to open json from file game1.json. Does the file exist?
2022-04-04 07:44:39,612 WARNING [default] No input received when trying to open json from file game1.json. Does the file exist?
2022-04-04 07:45:32,682 WARNING [default] No input received when trying to open json from file game1.json. Does the file exist?
2022-04-04 07:46:14,227 WARNING [default] No input received when trying to open json from file game1.json. Does the file exist?
2022-04-04 07:49:36,336 WARNING [default] No input received when trying to open json from file game1.json. Does the file exist?
2022-04-04 07:50:05,442 WARNING [default] No input received when trying to open json from file game1.json. Does the file exist?
2022-04-04 07:54:46,577 WARNING [default] No input received when trying to open json from file game1.json. Does the file exist?
2022-04-04 07:57:43,829 WARNING [default] No input received when trying to open json from file game1.json. Does the file exist?
2022-04-04 08:00:41,868 WARNING [default] No input received when trying to open json from file game1.json. Does the file exist?
2022-04-04 08:02:31,583 WARNING [default] No input received when trying to open json from file games\game1\Game1\json\game1.json. Does the file exist?
2022-04-04 08:03:01,553 WARNING [default] No input received when trying to open json from file games\\game1\\Game1\\json\\game1.json. Does the file exist?
2022-04-04 08:03:47,235 WARNING [default] No input received when trying to open json from file games\game1\Game1\json\game1.json. Does the file exist?
2022-04-04 08:58:15,210 WARNING [default] No input received when trying to open json from file game1.json. Does the file exist?
2022-04-04 09:15:49,134 WARNING [default] No input received when trying to open json from file . Does the file exist?
2022-04-04 09:16:29,411 WARNING [default] No input received when trying to open json from file . Does the file exist?
2022-04-04 09:21:31,945 WARNING [default] No input received when trying to open json from file . Does the file exist?
2022-04-04 09:21:55,754 WARNING [default] No input received when trying to open json from file . Does the file exist?
2022-04-04 09:22:47,918 WARNING [default] No input received when trying to open json from file . Does the file exist?
2022-04-04 09:23:26,988 WARNING [default] No input received when trying to open json from file . Does the file exist?
2022-04-04 09:24:03,187 WARNING [default] No input received when trying to open json from file game1.json. Does the file exist?
2022-04-04 09:25:53,199 WARNING [default] No input received when trying to open json from file .json. Does the file exist?
2022-04-04 09:35:42,733 WARNING [default] No input received when trying to open json from file ./games\Game1\config\game1.txt. Does the file exist?
2022-04-04 09:39:55,675 WARNING [default] No input received when trying to open json from file ./games\.git\config. Does the file exist?
2022-04-04 18:55:33,388 WARNING [default] No input received when trying to open json from file ./games\Game1\config\config.txt. Does the file exist?
